2024-08-17 16:33:48,312 [INFO] Activator:176 - 


2024-08-17 16:33:48,314 [INFO] Activator:177 - !SESSION log4j initialized
2024-08-17 16:33:51,922 [INFO] LogOutputStream:77 - [STDOUT_REDIRECT] 
2024-08-17 16:33:54,430 [INFO] ApplicationProperties:184 - Using Application install path: C:\ST\STM32CubeIDE_1.15.1\STM32CubeIDE\plugins\com.st.stm32cube.common.mx_6.11.1.202404110753
2024-08-17 16:33:54,464 [INFO] DbMcusXml:78 - Set database path to: C:\ST\STM32CubeIDE_1.15.1\STM32CubeIDE\plugins\com.st.stm32cube.common.mx_6.11.1.202404110753\\db\/mcu/
2024-08-17 16:33:54,464 [INFO] ApiDb:274 - Set plugin database path to: C:\ST\STM32CubeIDE_1.15.1\STM32CubeIDE\plugins\com.st.stm32cube.common.mx_6.11.1.202404110753\\db\/plugins/boardmanager/
2024-08-17 16:33:54,465 [WARN] ApiDb:259 - Overriding images path with different value:  => C:\ST\STM32CubeIDE_1.15.1\STM32CubeIDE\plugins\com.st.stm32cube.common.mx_6.11.1.202404110753\\db\/plugins/mcufinder/images/
2024-08-17 16:33:54,492 [INFO] ApiDb:250 - Set database path to: C:\Users\NinaadKotasthane\.stmcufinder\plugins\mcufinder//mcu/
2024-08-17 16:33:54,494 [INFO] DbMcusAds:125 - Set database path to: C:\Users\NinaadKotasthane\.stmcufinder\plugins\mcufinder//mcu/
2024-08-17 16:33:54,498 [INFO] CrossReferenceDbSqlite:203 - Set database path to: C:\Users\NinaadKotasthane\.stmcufinder\plugins\mcufinder//mcu/cs/
2024-08-17 16:33:54,677 [INFO] RulesReader:64 - Compatibility file has been processed (297 Rules)
2024-08-17 16:33:54,797 [INFO] DbMcusXml:78 - Set database path to: C:\ST\STM32CubeIDE_1.15.1\STM32CubeIDE\plugins\com.st.stm32cube.common.mx_6.11.1.202404110753\\db\/mcu/
2024-08-17 16:33:54,797 [INFO] ApiDb:274 - Set plugin database path to: C:\ST\STM32CubeIDE_1.15.1\STM32CubeIDE\plugins\com.st.stm32cube.common.mx_6.11.1.202404110753\\db\/plugins/boardmanager/
2024-08-17 16:33:54,797 [INFO] ApiDb:261 - Set plugin images path to: C:\ST\STM32CubeIDE_1.15.1\STM32CubeIDE\plugins\com.st.stm32cube.common.mx_6.11.1.202404110753\\db\/plugins/mcufinder/images/
2024-08-17 16:33:54,797 [WARN] DbFile:41 - Overriding database path with different value: C:\Users\NinaadKotasthane\.stmcufinder\plugins\mcufinder/ => C:\Users\NinaadKotasthane\.stmcufinder\plugins\mcufinder
2024-08-17 16:33:54,797 [INFO] ApiDb:250 - Set database path to: C:\Users\NinaadKotasthane\.stmcufinder\plugins\mcufinder//mcu/
2024-08-17 16:33:54,797 [WARN] DbFile:41 - Overriding database path with different value: C:\Users\NinaadKotasthane\.stmcufinder\plugins\mcufinder/ => C:\Users\NinaadKotasthane\.stmcufinder\plugins\mcufinder
2024-08-17 16:33:54,797 [INFO] DbMcusAds:125 - Set database path to: C:\Users\NinaadKotasthane\.stmcufinder\plugins\mcufinder//mcu/
2024-08-17 16:33:54,797 [WARN] DbFile:41 - Overriding database path with different value: C:\Users\NinaadKotasthane\.stmcufinder\plugins\mcufinder/ => C:\Users\NinaadKotasthane\.stmcufinder\plugins\mcufinder
2024-08-17 16:33:54,797 [WARN] DbFile:41 - Overriding database path with different value: C:\Users\NinaadKotasthane\.stmcufinder\plugins\mcufinder/ => C:\Users\NinaadKotasthane\.stmcufinder\plugins\mcufinder
2024-08-17 16:33:54,798 [INFO] CrossReferenceDbSqlite:203 - Set database path to: C:\Users\NinaadKotasthane\.stmcufinder\plugins\mcufinder//mcu/cs/
2024-08-17 16:33:54,875 [INFO] MainPanel:264 - HeapMemory: 268435456
2024-08-17 16:33:54,986 [INFO] DbMcusXml:78 - Set database path to: C:\ST\STM32CubeIDE_1.15.1\STM32CubeIDE\plugins\com.st.stm32cube.common.mx_6.11.1.202404110753\\db\/mcu/
2024-08-17 16:33:54,987 [INFO] ApiDb:274 - Set plugin database path to: C:\ST\STM32CubeIDE_1.15.1\STM32CubeIDE\plugins\com.st.stm32cube.common.mx_6.11.1.202404110753\\db\/plugins/boardmanager/
2024-08-17 16:33:54,987 [INFO] ApiDb:261 - Set plugin images path to: C:\ST\STM32CubeIDE_1.15.1\STM32CubeIDE\plugins\com.st.stm32cube.common.mx_6.11.1.202404110753\\db\/plugins/mcufinder/images/
2024-08-17 16:33:54,987 [WARN] DbFile:41 - Overriding database path with different value: C:\Users\NinaadKotasthane\.stmcufinder\plugins\mcufinder/ => C:\Users\NinaadKotasthane\.stmcufinder\plugins\mcufinder
2024-08-17 16:33:54,987 [INFO] ApiDb:250 - Set database path to: C:\Users\NinaadKotasthane\.stmcufinder\plugins\mcufinder//mcu/
2024-08-17 16:33:54,987 [WARN] DbFile:41 - Overriding database path with different value: C:\Users\NinaadKotasthane\.stmcufinder\plugins\mcufinder/ => C:\Users\NinaadKotasthane\.stmcufinder\plugins\mcufinder
2024-08-17 16:33:54,987 [INFO] DbMcusAds:125 - Set database path to: C:\Users\NinaadKotasthane\.stmcufinder\plugins\mcufinder//mcu/
2024-08-17 16:33:54,987 [WARN] DbFile:41 - Overriding database path with different value: C:\Users\NinaadKotasthane\.stmcufinder\plugins\mcufinder/ => C:\Users\NinaadKotasthane\.stmcufinder\plugins\mcufinder
2024-08-17 16:33:54,987 [WARN] DbFile:41 - Overriding database path with different value: C:\Users\NinaadKotasthane\.stmcufinder\plugins\mcufinder/ => C:\Users\NinaadKotasthane\.stmcufinder\plugins\mcufinder
2024-08-17 16:33:54,987 [INFO] CrossReferenceDbSqlite:203 - Set database path to: C:\Users\NinaadKotasthane\.stmcufinder\plugins\mcufinder//mcu/cs/
2024-08-17 16:33:55,012 [INFO] ApplicationProperties:184 - Using Application install path: C:\ST\STM32CubeIDE_1.15.1\STM32CubeIDE\plugins\com.st.stm32cube.common.mx_6.11.1.202404110753
2024-08-17 16:33:55,015 [INFO] PluginManage:196 - Search for loadable plugins [exclusion list=, ]
2024-08-17 16:33:55,017 [INFO] PluginManage:310 - Check plugin analytics
2024-08-17 16:33:55,261 [INFO] AnalyticsPlugin:253 - Accepted Software Licenses: STM32CubeMX.6.11.1
2024-08-17 16:33:55,261 [INFO] AnalyticsPlugin:255 - Accepted CMSIS Pack Licenses: 
2024-08-17 16:33:55,261 [INFO] AnalyticsPlugin:257 - Accepted Firmware Licenses: FW.F4.1.28.0
2024-08-17 16:33:55,263 [INFO] PluginManage:359 - Loaded plugin analytics (category:tool,tabindex:-1)
2024-08-17 16:33:55,265 [INFO] PluginManage:310 - Check plugin cadmodel
2024-08-17 16:33:55,277 [INFO] CADModel:105 - Init CAD model plugin
2024-08-17 16:33:55,277 [INFO] PluginManage:359 - Loaded plugin cadmodel (category:power,tabindex:5)
2024-08-17 16:33:55,278 [INFO] PluginManage:310 - Check plugin clock
2024-08-17 16:33:55,298 [INFO] PluginManage:359 - Loaded plugin clock (category:base,tabindex:2)
2024-08-17 16:33:55,299 [INFO] PluginManage:310 - Check plugin ddr
2024-08-17 16:33:55,304 [INFO] PluginManage:359 - Loaded plugin ddr (category:tool,tabindex:6)
2024-08-17 16:33:55,304 [INFO] PluginManage:310 - Check plugin filemanager
2024-08-17 16:33:55,495 [INFO] PluginManage:359 - Loaded plugin filemanager (category:base,tabindex:10)
2024-08-17 16:33:55,496 [INFO] PluginManage:310 - Check plugin ipmanager
2024-08-17 16:33:55,530 [INFO] PluginManage:359 - Loaded plugin ipmanager (category:base,tabindex:5)
2024-08-17 16:33:55,530 [INFO] PluginManage:310 - Check plugin lpbam
2024-08-17 16:33:55,548 [INFO] PluginManage:359 - Loaded plugin lpbam (category:base,tabindex:0)
2024-08-17 16:33:55,549 [INFO] PluginManage:310 - Check plugin memorymap
2024-08-17 16:33:55,582 [INFO] PluginManage:359 - Loaded plugin memorymap (category:base,tabindex:4)
2024-08-17 16:33:55,582 [INFO] PluginManage:310 - Check plugin pinoutandconfiguration
2024-08-17 16:33:55,597 [INFO] PluginManage:359 - Loaded plugin pinoutandconfiguration (category:base,tabindex:1)
2024-08-17 16:33:55,598 [INFO] PluginManage:310 - Check plugin pinoutconfig
2024-08-17 16:33:55,737 [WARN] SupportedApi:132 - Cannot load RTOS API schema: s4s-elt-must-match.1: The content of 'definitions' must match (annotation?, (simpleType | complexType)?, (unique | key | keyref)*)). A problem was found starting at: attribute.
2024-08-17 16:33:55,943 [INFO] PluginManage:359 - Loaded plugin pinoutconfig (category:base,tabindex:0)
2024-08-17 16:33:55,944 [INFO] PluginManage:310 - Check plugin power
2024-08-17 16:33:55,957 [INFO] PluginManage:359 - Loaded plugin power (category:power,tabindex:4)
2024-08-17 16:33:55,957 [INFO] PluginManage:310 - Check plugin projectmanager
2024-08-17 16:33:55,978 [INFO] PluginManage:359 - Loaded plugin projectmanager (category:projectmanager,tabindex:3)
2024-08-17 16:33:55,979 [INFO] PluginManage:310 - Check plugin thirdparty
2024-08-17 16:33:56,157 [INFO] PluginManage:359 - Loaded plugin thirdparty (category:base,tabindex:-1)
2024-08-17 16:33:56,157 [INFO] PluginManage:310 - Check plugin tools
2024-08-17 16:33:56,157 [WARN] IntegrityCheckThread:84 - waiting for thirdparty lock release [integrity check]
2024-08-17 16:33:56,158 [INFO] IntegrityCheckThread:86 - entering critical section [integrity check]
2024-08-17 16:33:56,158 [INFO] ThirdPartyUpdaterWithRetryManager:70 - Updater plugin not ready yet. [1/15]
2024-08-17 16:33:56,161 [INFO] PluginManage:359 - Loaded plugin tools (category:base,tabindex:7)
2024-08-17 16:33:56,162 [INFO] PluginManage:310 - Check plugin tutovideos
2024-08-17 16:33:56,400 [INFO] PluginManage:359 - Loaded plugin tutovideos (category:base,tabindex:-1)
2024-08-17 16:33:56,401 [INFO] PluginManage:310 - Check plugin updater
2024-08-17 16:33:56,423 [INFO] PluginManage:359 - Loaded plugin updater (category:base,tabindex:12)
2024-08-17 16:33:56,423 [INFO] PluginManage:310 - Check plugin userauth
2024-08-17 16:33:56,432 [INFO] UserAuth:114 - Init User Auth plugin
2024-08-17 16:33:56,432 [INFO] PluginManage:359 - Loaded plugin userauth (category:base,tabindex:14)
2024-08-17 16:33:56,433 [INFO] PluginManage:283 - PluginManage : Loaded plugins [17]
2024-08-17 16:33:56,704 [INFO] PinOutPanel:1561 - setPackage(No Configuration,No Configuration)
2024-08-17 16:33:56,800 [INFO] CADModel:165 - CPN selected for project level
2024-08-17 16:33:56,800 [INFO] CADModel:114 - Register for checkConnection events
2024-08-17 16:33:56,820 [INFO] IPUIPlugin:80 - create IPUIPlugin
2024-08-17 16:33:56,820 [INFO] PluginManager:220 - loadIPPluginJar : add adc
2024-08-17 16:33:56,823 [INFO] IPUIPlugin:80 - create IPUIPlugin
2024-08-17 16:33:56,823 [INFO] PluginManager:220 - loadIPPluginJar : add aes
2024-08-17 16:33:56,827 [INFO] IPUIPlugin:80 - create IPUIPlugin
2024-08-17 16:33:56,828 [INFO] PluginManager:220 - loadIPPluginJar : add can
2024-08-17 16:33:56,830 [INFO] IPUIPlugin:80 - create IPUIPlugin
2024-08-17 16:33:56,830 [INFO] PluginManager:220 - loadIPPluginJar : add comp
2024-08-17 16:33:56,833 [INFO] IPUIPlugin:80 - create IPUIPlugin
2024-08-17 16:33:56,834 [INFO] PluginManager:220 - loadIPPluginJar : add cryp
2024-08-17 16:33:56,837 [INFO] IPUIPlugin:80 - create IPUIPlugin
2024-08-17 16:33:56,838 [INFO] PluginManager:220 - loadIPPluginJar : add dfsdm
2024-08-17 16:33:56,845 [INFO] IPUIPlugin:80 - create IPUIPlugin
2024-08-17 16:33:56,845 [INFO] PluginManager:220 - loadIPPluginJar : add dma
2024-08-17 16:33:56,849 [INFO] IPUIPlugin:80 - create IPUIPlugin
2024-08-17 16:33:56,849 [INFO] PluginManager:220 - loadIPPluginJar : add dma3
2024-08-17 16:33:56,852 [INFO] IPUIPlugin:80 - create IPUIPlugin
2024-08-17 16:33:56,853 [INFO] PluginManager:220 - loadIPPluginJar : add extmemmanager
2024-08-17 16:33:56,855 [INFO] IPUIPlugin:80 - create IPUIPlugin
2024-08-17 16:33:56,855 [INFO] PluginManager:220 - loadIPPluginJar : add fatfs
2024-08-17 16:33:56,861 [INFO] IPUIPlugin:80 - create IPUIPlugin
2024-08-17 16:33:56,862 [INFO] PluginManager:220 - loadIPPluginJar : add fmc
2024-08-17 16:33:56,870 [INFO] IPUIPlugin:80 - create IPUIPlugin
2024-08-17 16:33:56,870 [INFO] PluginManager:220 - loadIPPluginJar : add freertos
2024-08-17 16:33:56,873 [INFO] IPUIPlugin:80 - create IPUIPlugin
2024-08-17 16:33:56,873 [INFO] PluginManager:220 - loadIPPluginJar : add genericplugin
2024-08-17 16:33:56,877 [INFO] IPUIPlugin:80 - create IPUIPlugin
2024-08-17 16:33:56,877 [INFO] PluginManager:220 - loadIPPluginJar : add gfxmmu
2024-08-17 16:33:56,885 [INFO] IPUIPlugin:80 - create IPUIPlugin
2024-08-17 16:33:56,885 [INFO] PluginManager:220 - loadIPPluginJar : add gic
2024-08-17 16:33:56,891 [INFO] IPUIPlugin:80 - create IPUIPlugin
2024-08-17 16:33:56,891 [INFO] PluginManager:220 - loadIPPluginJar : add gpio
2024-08-17 16:33:56,896 [INFO] IPUIPlugin:80 - create IPUIPlugin
2024-08-17 16:33:56,896 [INFO] PluginManager:220 - loadIPPluginJar : add gtzc
2024-08-17 16:33:56,901 [INFO] IPUIPlugin:80 - create IPUIPlugin
2024-08-17 16:33:56,902 [INFO] PluginManager:220 - loadIPPluginJar : add hash
2024-08-17 16:33:56,905 [INFO] IPUIPlugin:80 - create IPUIPlugin
2024-08-17 16:33:56,905 [INFO] PluginManager:220 - loadIPPluginJar : add i2c
2024-08-17 16:33:56,908 [INFO] IPUIPlugin:80 - create IPUIPlugin
2024-08-17 16:33:56,908 [INFO] PluginManager:220 - loadIPPluginJar : add i2s
2024-08-17 16:33:56,912 [INFO] IPUIPlugin:80 - create IPUIPlugin
2024-08-17 16:33:56,912 [INFO] PluginManager:220 - loadIPPluginJar : add i3c
2024-08-17 16:33:56,925 [INFO] IPUIPlugin:80 - create IPUIPlugin
2024-08-17 16:33:56,925 [INFO] PluginManager:220 - loadIPPluginJar : add ipddr
2024-08-17 16:33:56,936 [INFO] IPUIPlugin:80 - create IPUIPlugin
2024-08-17 16:33:56,936 [INFO] PluginManager:220 - loadIPPluginJar : add linkedlist
2024-08-17 16:33:56,941 [INFO] IPUIPlugin:80 - create IPUIPlugin
2024-08-17 16:33:56,941 [INFO] PluginManager:220 - loadIPPluginJar : add lorawan
2024-08-17 16:33:56,943 [INFO] IPUIPlugin:80 - create IPUIPlugin
2024-08-17 16:33:56,943 [INFO] PluginManager:220 - loadIPPluginJar : add ltdc
2024-08-17 16:33:56,950 [INFO] IPUIPlugin:80 - create IPUIPlugin
2024-08-17 16:33:56,951 [INFO] PluginManager:220 - loadIPPluginJar : add mdma
2024-08-17 16:33:56,954 [INFO] IPUIPlugin:80 - create IPUIPlugin
2024-08-17 16:33:56,954 [INFO] PluginManager:220 - loadIPPluginJar : add nvic
2024-08-17 16:33:56,958 [INFO] IPUIPlugin:80 - create IPUIPlugin
2024-08-17 16:33:56,958 [INFO] PluginManager:220 - loadIPPluginJar : add opamp
2024-08-17 16:33:56,962 [INFO] IPUIPlugin:80 - create IPUIPlugin
2024-08-17 16:33:56,962 [INFO] PluginManager:220 - loadIPPluginJar : add openamp
2024-08-17 16:33:56,966 [INFO] IPUIPlugin:80 - create IPUIPlugin
2024-08-17 16:33:56,967 [INFO] PluginManager:220 - loadIPPluginJar : add pdm2pcm
2024-08-17 16:33:56,975 [INFO] IPUIPlugin:80 - create IPUIPlugin
2024-08-17 16:33:56,978 [INFO] PluginManager:220 - loadIPPluginJar : add plateformsettings
2024-08-17 16:33:56,980 [INFO] IPUIPlugin:80 - create IPUIPlugin
2024-08-17 16:33:56,980 [INFO] PluginManager:220 - loadIPPluginJar : add quadspi
2024-08-17 16:33:56,988 [INFO] IPUIPlugin:80 - create IPUIPlugin
2024-08-17 16:33:56,989 [INFO] PluginManager:220 - loadIPPluginJar : add resmgrutility
2024-08-17 16:33:56,993 [INFO] IPUIPlugin:80 - create IPUIPlugin
2024-08-17 16:33:56,993 [INFO] PluginManager:220 - loadIPPluginJar : add sai
2024-08-17 16:33:56,997 [INFO] IPUIPlugin:80 - create IPUIPlugin
2024-08-17 16:33:56,997 [INFO] PluginManager:220 - loadIPPluginJar : add spi
2024-08-17 16:33:57,003 [INFO] IPUIPlugin:80 - create IPUIPlugin
2024-08-17 16:33:57,003 [INFO] PluginManager:220 - loadIPPluginJar : add stm32_wpan
2024-08-17 16:33:57,006 [INFO] IPUIPlugin:80 - create IPUIPlugin
2024-08-17 16:33:57,006 [INFO] PluginManager:220 - loadIPPluginJar : add tim
2024-08-17 16:33:57,012 [INFO] IPUIPlugin:80 - create IPUIPlugin
2024-08-17 16:33:57,013 [INFO] PluginManager:220 - loadIPPluginJar : add touchsensing
2024-08-17 16:33:57,016 [INFO] IPUIPlugin:80 - create IPUIPlugin
2024-08-17 16:33:57,016 [INFO] PluginManager:220 - loadIPPluginJar : add tracer_emb
2024-08-17 16:33:57,018 [INFO] IPUIPlugin:80 - create IPUIPlugin
2024-08-17 16:33:57,019 [INFO] PluginManager:220 - loadIPPluginJar : add ts
2024-08-17 16:33:57,021 [INFO] IPUIPlugin:80 - create IPUIPlugin
2024-08-17 16:33:57,022 [INFO] PluginManager:220 - loadIPPluginJar : add tsc
2024-08-17 16:33:57,023 [INFO] IPUIPlugin:80 - create IPUIPlugin
2024-08-17 16:33:57,024 [INFO] PluginManager:220 - loadIPPluginJar : add ucpd
2024-08-17 16:33:57,026 [INFO] IPUIPlugin:80 - create IPUIPlugin
2024-08-17 16:33:57,026 [INFO] PluginManager:220 - loadIPPluginJar : add usart
2024-08-17 16:33:57,029 [INFO] IPUIPlugin:80 - create IPUIPlugin
2024-08-17 16:33:57,029 [INFO] PluginManager:220 - loadIPPluginJar : add usbx
2024-08-17 16:33:57,168 [INFO] CADModel:165 - CPN selected for project level
2024-08-17 16:33:57,168 [INFO] CADModel:114 - Register for checkConnection events
2024-08-17 16:33:57,168 [FATAL] Updater:308 - Updater called before beeing initialized
2024-08-17 16:33:57,170 [ERROR] CADModel:125 - Updater not yet initialized, retry later 
2024-08-17 16:33:57,372 [INFO] CADModel:165 - CPN selected for project level
2024-08-17 16:33:57,372 [INFO] CADModel:114 - Register for checkConnection events
2024-08-17 16:33:57,372 [FATAL] Updater:308 - Updater called before beeing initialized
2024-08-17 16:33:57,372 [ERROR] CADModel:125 - Updater not yet initialized, retry later 
2024-08-17 16:33:57,376 [FATAL] Updater:308 - Updater called before beeing initialized
2024-08-17 16:33:57,484 [FATAL] Updater:308 - Updater called before beeing initialized
2024-08-17 16:33:57,488 [INFO] DbMcusAds:53 - JSON generation date=Thu May 16 14:52:00 IST 2024 (1715851320667)
2024-08-17 16:33:57,488 [FATAL] Updater:308 - Updater called before beeing initialized
2024-08-17 16:33:57,525 [WARN] DetailPanel:346 - Failed to get advertising image, set to default
2024-08-17 16:33:57,653 [FATAL] Updater:308 - Updater called before beeing initialized
2024-08-17 16:33:57,656 [FATAL] Updater:308 - Updater called before beeing initialized
2024-08-17 16:33:57,657 [FATAL] Updater:308 - Updater called before beeing initialized
2024-08-17 16:33:57,657 [WARN] DetailPanel:346 - Failed to get advertising image, set to default
2024-08-17 16:33:57,657 [FATAL] Updater:308 - Updater called before beeing initialized
2024-08-17 16:33:57,743 [ERROR] Updater:1120 - MainUpdater not yet initialized. External WinMGr cannot be set.
2024-08-17 16:33:57,747 [INFO] Updater:1056 - Updater Version found : 6.11.1
2024-08-17 16:33:57,787 [INFO] ApplicationProperties:184 - Using Application install path: C:\ST\STM32CubeIDE_1.15.1\STM32CubeIDE\plugins\com.st.stm32cube.common.mx_6.11.1.202404110753
2024-08-17 16:33:59,161 [INFO] ThirdPartyUpdaterWithRetryManager:70 - Updater plugin not ready yet. [2/15]
2024-08-17 16:33:59,368 [ERROR] LogOutputStream:75 - [STDERR_REDIRECT] Aug 17, 2024 4:33:59 PM java.util.prefs.WindowsPreferences <init>
2024-08-17 16:33:59,370 [ERROR] LogOutputStream:75 - [STDERR_REDIRECT] WARNING: Could not open/create prefs root node Software\JavaSoft\Prefs at root 0xffffffff80000002. Windows RegCreateKeyEx(...) returned error code 5.
2024-08-17 16:33:59,370 [ERROR] LogOutputStream:75 - [STDERR_REDIRECT] 
2024-08-17 16:33:59,744 [INFO] MainUpdater:2873 - connection check result : 10
2024-08-17 16:33:59,745 [INFO] MainUpdater:290 - Updater Check For Update Now.
2024-08-17 16:33:59,745 [INFO] MicroXplorer:498 - Change Database Version : DB.6.0.111
2024-08-17 16:33:59,751 [INFO] McuFinderGlobals:63 - Set McuFinder mode to 2 (CubeIDE integrated)
2024-08-17 16:33:59,752 [INFO] UserAuth:179 - activating auth plugin
2024-08-17 16:33:59,755 [INFO] UserAuth:415 - Internet connection configuration mode: 1
2024-08-17 16:33:59,783 [INFO] JxBrowserEngine:152 - Initiate JxBrowser Engine with user profile folder
2024-08-17 16:33:59,946 [INFO] CheckServerUpdateThread:120 - End of CheckServer Thread
2024-08-17 16:34:02,348 [WARN] PackLoader:240 - Cannot read IP mode file for STMicroelectronics.FP-SNS-MOTENVWB1.1.4.0
2024-08-17 16:34:02,362 [WARN] PackLoader:240 - Cannot read IP mode file for STMicroelectronics.X-CUBE-SMBUS.2.1.0
2024-08-17 16:34:02,369 [WARN] PackLoader:240 - Cannot read IP mode file for STMicroelectronics.X-CUBE-TOUCHGFX.4.23.2
2024-08-17 16:34:02,398 [WARN] PackLoader:240 - Cannot read IP mode file for STMicroelectronics.X-CUBE-AZRTOS-F7.1.1.0
2024-08-17 16:34:02,414 [WARN] PackLoader:240 - Cannot read IP mode file for STMicroelectronics.FP-SNS-FLIGHT1.5.0.2
2024-08-17 16:34:02,425 [WARN] PackLoader:240 - Cannot read IP mode file for STMicroelectronics.X-CUBE-DISPLAY.3.0.0
2024-08-17 16:34:02,458 [WARN] PackLoader:240 - Cannot read IP mode file for STMicroelectronics.X-CUBE-BLE1.7.0.0
2024-08-17 16:34:02,465 [WARN] PackLoader:240 - Cannot read IP mode file for emotas.I-CUBE-CANOPEN.1.3.0
2024-08-17 16:34:02,483 [WARN] PackLoader:240 - Cannot read IP mode file for STMicroelectronics.X-CUBE-BLEMGR.3.1.0
2024-08-17 16:34:02,494 [WARN] PackLoader:240 - Cannot read IP mode file for STMicroelectronics.FP-SNS-SMARTAG2.1.2.0
2024-08-17 16:34:02,519 [INFO] LogOutputStream:77 - [STDOUT_REDIRECT] 1 : Invalid condition id : UX_CORESTACK_Condition cause : null
2024-08-17 16:34:02,520 [INFO] LogOutputStream:77 - [STDOUT_REDIRECT] 1 : Invalid condition id : UX_CORESTACK_Condition cause : null
2024-08-17 16:34:02,521 [INFO] LogOutputStream:77 - [STDOUT_REDIRECT] 1 : Invalid condition id : UX_CORESTACK_Condition cause : null
2024-08-17 16:34:02,522 [INFO] LogOutputStream:77 - [STDOUT_REDIRECT] 1 : Invalid condition id : UX_CORESTACK_Condition cause : null
2024-08-17 16:34:02,533 [INFO] LogOutputStream:77 - [STDOUT_REDIRECT] 1 : Invalid condition id : UX_CORESTACK_Condition cause : null
2024-08-17 16:34:02,553 [WARN] PackLoader:240 - Cannot read IP mode file for STMicroelectronics.X-CUBE-AZRTOS-WL.2.0.0
2024-08-17 16:34:02,563 [WARN] PackLoader:240 - Cannot read IP mode file for STMicroelectronics.FP-SNS-MOTENV1.5.0.0
2024-08-17 16:34:02,568 [WARN] PackLoader:240 - Cannot read IP mode file for wolfSSL.I-CUBE-wolfMQTT.1.19.0
2024-08-17 16:34:02,575 [WARN] PackLoader:240 - Cannot read IP mode file for WES.I-CUBE-Cesium.1.3.0
2024-08-17 16:34:02,581 [WARN] PackLoader:240 - Cannot read IP mode file for STMicroelectronics.X-CUBE-BLE2.3.3.0
2024-08-17 16:34:02,588 [WARN] PackLoader:240 - Cannot read IP mode file for STMicroelectronics.X-CUBE-TCPP.4.1.0
2024-08-17 16:34:02,607 [WARN] PackLoader:240 - Cannot read IP mode file for STMicroelectronics.X-CUBE-AZRTOS-G0.1.1.0
2024-08-17 16:34:02,617 [WARN] PackLoader:240 - Cannot read IP mode file for STMicroelectronics.X-CUBE-SAFEA1.1.2.2
2024-08-17 16:34:02,626 [WARN] PackLoader:240 - Cannot read IP mode file for STMicroelectronics.X-CUBE-NFC4.3.0.0
2024-08-17 16:34:02,636 [WARN] PackLoader:240 - Cannot read IP mode file for EmbeddedOffice.I-CUBE-FS-RTOS.1.0.1
2024-08-17 16:34:02,636 [ERROR] ConditionMgr:805 - Attr not supported : Dmpu
2024-08-17 16:34:02,637 [ERROR] ConditionMgr:805 - Attr not supported : Dmpu
2024-08-17 16:34:02,637 [ERROR] ConditionMgr:805 - Attr not supported : Dmpu
2024-08-17 16:34:02,637 [ERROR] ConditionMgr:805 - Attr not supported : Dmpu
2024-08-17 16:34:02,637 [ERROR] ConditionMgr:805 - Attr not supported : Dmpu
2024-08-17 16:34:02,637 [ERROR] ConditionMgr:805 - Attr not supported : Dmpu
2024-08-17 16:34:02,637 [ERROR] ConditionMgr:805 - Attr not supported : Dmpu
2024-08-17 16:34:02,637 [ERROR] ConditionMgr:805 - Attr not supported : Dmpu
2024-08-17 16:34:02,637 [ERROR] ConditionMgr:805 - Attr not supported : Dmpu
2024-08-17 16:34:02,637 [ERROR] ConditionMgr:805 - Attr not supported : Dmpu
2024-08-17 16:34:02,637 [ERROR] ConditionMgr:805 - Attr not supported : Dmpu
2024-08-17 16:34:02,637 [ERROR] ConditionMgr:805 - Attr not supported : Dmpu
2024-08-17 16:34:02,637 [ERROR] ConditionMgr:805 - Attr not supported : Dmpu
2024-08-17 16:34:02,637 [ERROR] ConditionMgr:805 - Attr not supported : Dmpu
2024-08-17 16:34:02,637 [ERROR] ConditionMgr:805 - Attr not supported : Dmpu
2024-08-17 16:34:02,637 [ERROR] ConditionMgr:805 - Attr not supported : Dmpu
2024-08-17 16:34:02,638 [ERROR] ConditionMgr:805 - Attr not supported : Dmpu
2024-08-17 16:34:02,638 [ERROR] ConditionMgr:805 - Attr not supported : Dmpu
2024-08-17 16:34:02,638 [ERROR] ConditionMgr:805 - Attr not supported : Dmpu
2024-08-17 16:34:02,638 [ERROR] ConditionMgr:805 - Attr not supported : Dmpu
2024-08-17 16:34:02,638 [ERROR] ConditionMgr:805 - Attr not supported : Dmpu
2024-08-17 16:34:02,638 [ERROR] ConditionMgr:805 - Attr not supported : Dmpu
2024-08-17 16:34:02,638 [ERROR] ConditionMgr:805 - Attr not supported : Dmpu
2024-08-17 16:34:02,638 [ERROR] ConditionMgr:805 - Attr not supported : Dmpu
2024-08-17 16:34:02,638 [ERROR] ConditionMgr:805 - Attr not supported : Dmpu
2024-08-17 16:34:02,638 [ERROR] ConditionMgr:805 - Attr not supported : Dmpu
2024-08-17 16:34:02,638 [ERROR] ConditionMgr:805 - Attr not supported : Dmpu
2024-08-17 16:34:02,638 [ERROR] ConditionMgr:805 - Attr not supported : Dmpu
2024-08-17 16:34:02,638 [ERROR] ConditionMgr:805 - Attr not supported : Dmpu
2024-08-17 16:34:02,639 [ERROR] ConditionMgr:805 - Attr not supported : Dmpu
2024-08-17 16:34:02,639 [ERROR] ConditionMgr:805 - Attr not supported : Dmpu
2024-08-17 16:34:02,639 [ERROR] ConditionMgr:805 - Attr not supported : Dmpu
2024-08-17 16:34:02,639 [ERROR] ConditionMgr:805 - Attr not supported : Dmpu
2024-08-17 16:34:02,639 [ERROR] ConditionMgr:805 - Attr not supported : Dmpu
2024-08-17 16:34:02,639 [ERROR] ConditionMgr:805 - Attr not supported : Dmpu
2024-08-17 16:34:02,639 [ERROR] ConditionMgr:805 - Attr not supported : Dmpu
2024-08-17 16:34:02,639 [ERROR] ConditionMgr:805 - Attr not supported : Dmpu
2024-08-17 16:34:02,639 [ERROR] ConditionMgr:805 - Attr not supported : Dmpu
2024-08-17 16:34:02,639 [ERROR] ConditionMgr:805 - Attr not supported : Dmpu
2024-08-17 16:34:02,639 [ERROR] ConditionMgr:805 - Attr not supported : Dmpu
2024-08-17 16:34:02,639 [ERROR] ConditionMgr:805 - Attr not supported : Dmpu
2024-08-17 16:34:02,639 [ERROR] ConditionMgr:805 - Attr not supported : Dmpu
2024-08-17 16:34:02,640 [ERROR] ConditionMgr:805 - Attr not supported : Dmpu
2024-08-17 16:34:02,640 [ERROR] ConditionMgr:805 - Attr not supported : Dmpu
2024-08-17 16:34:02,640 [ERROR] ConditionMgr:805 - Attr not supported : Dmpu
2024-08-17 16:34:02,640 [ERROR] ConditionMgr:805 - Attr not supported : Dmpu
2024-08-17 16:34:02,640 [ERROR] ConditionMgr:805 - Attr not supported : Dmpu
2024-08-17 16:34:02,640 [ERROR] ConditionMgr:805 - Attr not supported : Dmpu
2024-08-17 16:34:02,640 [ERROR] ConditionMgr:805 - Attr not supported : Dmpu
2024-08-17 16:34:02,640 [ERROR] ConditionMgr:805 - Attr not supported : Dmpu
2024-08-17 16:34:02,640 [ERROR] ConditionMgr:805 - Attr not supported : Dmpu
2024-08-17 16:34:02,640 [ERROR] ConditionMgr:805 - Attr not supported : Dmpu
2024-08-17 16:34:02,640 [ERROR] ConditionMgr:805 - Attr not supported : Dmpu
2024-08-17 16:34:02,640 [ERROR] ConditionMgr:805 - Attr not supported : Dmpu
2024-08-17 16:34:02,640 [ERROR] ConditionMgr:805 - Attr not supported : Dmpu
2024-08-17 16:34:02,640 [ERROR] ConditionMgr:805 - Attr not supported : Dmpu
2024-08-17 16:34:02,642 [ERROR] ConditionMgr:805 - Attr not supported : Dmpu
2024-08-17 16:34:02,642 [ERROR] ConditionMgr:805 - Attr not supported : Dmpu
2024-08-17 16:34:02,642 [ERROR] ConditionMgr:805 - Attr not supported : Dmpu
2024-08-17 16:34:02,642 [ERROR] ConditionMgr:805 - Attr not supported : Dmpu
2024-08-17 16:34:02,642 [ERROR] ConditionMgr:805 - Attr not supported : Dmpu
2024-08-17 16:34:02,642 [ERROR] ConditionMgr:805 - Attr not supported : Dmpu
2024-08-17 16:34:02,642 [ERROR] ConditionMgr:805 - Attr not supported : Dmpu
2024-08-17 16:34:02,642 [ERROR] ConditionMgr:805 - Attr not supported : Dmpu
2024-08-17 16:34:02,647 [WARN] PackLoader:240 - Cannot read IP mode file for RealThread.X-CUBE-RT-Thread_Nano.4.1.1
2024-08-17 16:34:02,650 [WARN] PackLoader:240 - Cannot read IP mode file for wolfSSL.I-CUBE-wolfSSL.5.7.0
2024-08-17 16:34:02,654 [WARN] PackLoader:240 - Cannot read IP mode file for STMicroelectronics.FP-ATR-SIGFOX1.3.2.0
2024-08-17 16:34:02,658 [WARN] PackLoader:240 - Cannot read IP mode file for STMicroelectronics.X-CUBE-EEPRMA1.5.1.0
2024-08-17 16:34:02,666 [WARN] PackLoader:240 - Cannot read IP mode file for ITTIA_DB.I-CUBE-ITTIADB.8.9.0
2024-08-17 16:34:02,696 [WARN] PackLoader:240 - Cannot read IP mode file for SEGGER.I-CUBE-embOS.1.3.1
2024-08-17 16:34:02,736 [WARN] PackLoader:240 - Cannot read IP mode file for STMicroelectronics.X-CUBE-ALGOBUILD.1.4.0
2024-08-17 16:34:02,743 [WARN] PackLoader:240 - Cannot read IP mode file for STMicroelectronics.X-CUBE-GNSS1.6.0.0
2024-08-17 16:34:02,759 [WARN] PackLoader:240 - Cannot read IP mode file for STMicroelectronics.X-CUBE-AZRTOS-F4.1.1.0
2024-08-17 16:34:02,765 [WARN] PackLoader:240 - Cannot read IP mode file for STMicroelectronics.X-CUBE-FREERTOS.1.2.0
2024-08-17 16:34:02,781 [WARN] PackLoader:240 - Cannot read IP mode file for STMicroelectronics.X-CUBE-AZRTOS-L5.2.0.0
2024-08-17 16:34:02,789 [WARN] PackLoader:240 - Cannot read IP mode file for STMicroelectronics.X-CUBE-NFC6.3.1.0
2024-08-17 16:34:02,796 [WARN] PackLoader:240 - Cannot read IP mode file for STMicroelectronics.X-CUBE-DPower.1.2.0
2024-08-17 16:34:02,801 [WARN] PackLoader:240 - Cannot read IP mode file for STMicroelectronics.X-CUBE-AI.9.0.0
2024-08-17 16:34:02,807 [WARN] PackLoader:240 - Cannot read IP mode file for STMicroelectronics.X-CUBE-NFC7.1.0.1
2024-08-17 16:34:02,812 [WARN] PackLoader:240 - Cannot read IP mode file for wolfSSL.I-CUBE-wolfTPM.3.2.0
2024-08-17 16:34:02,838 [WARN] ConditionMgr:438 - getConditionDescription Invalid condition id : LAN8742 Phy interface Condition cause : null
2024-08-17 16:34:02,839 [WARN] PackLoader:240 - Cannot read IP mode file for STMicroelectronics.X-CUBE-AZRTOS-L4.2.0.0
2024-08-17 16:34:02,840 [WARN] ConditionMgr:1039 - genDependencies : Invalid condition id : LAN8742 Phy interface Condition cause : null
2024-08-17 16:34:02,840 [WARN] ConditionMgr:1039 - genDependencies : Invalid condition id : LAN8742 Phy interface Condition cause : null
2024-08-17 16:34:02,841 [WARN] ConditionMgr:1039 - genDependencies : Invalid condition id : LAN8742 Phy interface Condition cause : null
2024-08-17 16:34:02,857 [WARN] PackLoader:240 - Cannot read IP mode file for STMicroelectronics.X-CUBE-SFXS2LP1.4.0.0
2024-08-17 16:34:02,882 [WARN] PackLoader:240 - Cannot read IP mode file for STMicroelectronics.X-CUBE-AZRTOS-H7.3.3.0
2024-08-17 16:34:02,899 [WARN] ConditionMgr:438 - getConditionDescription Invalid condition id : UX DEVICE CLASS RTOS Condition cause : null
2024-08-17 16:34:02,900 [WARN] ConditionMgr:438 - getConditionDescription Invalid condition id : UX DEVICE CLASS RTOS Condition cause : null
2024-08-17 16:34:02,902 [WARN] PackLoader:240 - Cannot read IP mode file for STMicroelectronics.X-CUBE-AZRTOS-WB.2.0.0
2024-08-17 16:34:02,903 [WARN] ConditionMgr:1039 - genDependencies : Invalid condition id : UX DEVICE CLASS RTOS Condition cause : null
2024-08-17 16:34:02,903 [WARN] ConditionMgr:1039 - genDependencies : Invalid condition id : UX DEVICE CLASS RTOS Condition cause : null
2024-08-17 16:34:02,903 [WARN] ConditionMgr:1039 - genDependencies : Invalid condition id : UX DEVICE CLASS RTOS Condition cause : null
2024-08-17 16:34:02,905 [WARN] ConditionMgr:1039 - genDependencies : Invalid condition id : UX DEVICE CLASS RTOS Condition cause : null
2024-08-17 16:34:02,905 [WARN] ConditionMgr:1039 - genDependencies : Invalid condition id : UX DEVICE CLASS RTOS Condition cause : null
2024-08-17 16:34:02,913 [WARN] PackLoader:240 - Cannot read IP mode file for STMicroelectronics.FP-SNS-STBOX1.2.0.0
2024-08-17 16:34:02,929 [WARN] PackLoader:240 - Cannot read IP mode file for STMicroelectronics.X-CUBE-SUBG2.5.0.0
2024-08-17 16:34:02,940 [WARN] PackLoader:240 - Cannot read IP mode file for Cesanta.I-CUBE-Mongoose.7.13.0
2024-08-17 16:34:02,955 [WARN] PackLoader:240 - Cannot read IP mode file for STMicroelectronics.X-CUBE-AZRTOS-G4.2.0.0
2024-08-17 16:34:02,963 [WARN] PackLoader:240 - Cannot read IP mode file for STMicroelectronics.X-CUBE-ISPU.2.0.0
2024-08-17 16:34:02,970 [WARN] PackLoader:240 - Cannot read IP mode file for STMicroelectronics.X-CUBE-ALS.1.0.2
2024-08-17 16:34:03,010 [WARN] PackLoader:240 - Cannot read IP mode file for STMicroelectronics.X-CUBE-MEMS1.10.0.0
2024-08-17 16:34:03,152 [WARN] PackLoader:240 - Cannot read IP mode file for STMicroelectronics.X-CUBE-TOUCHGFX.4.24.0
2024-08-17 16:34:03,158 [WARN] PackLoader:240 - Cannot read IP mode file for portGmbH.I-Cube-SoM-uGOAL.1.1.0
2024-08-17 16:34:03,173 [WARN] PackLoader:240 - Cannot read IP mode file for STMicroelectronics.X-CUBE-AZRTOS-H7RS.1.0.0
2024-08-17 16:34:03,179 [WARN] PackLoader:240 - Cannot read IP mode file for STMicroelectronics.FP-ATR-ASTRA1.2.0.0
2024-08-17 16:34:03,187 [WARN] PackLoader:240 - Cannot read IP mode file for STMicroelectronics.X-CUBE-TOF1.3.4.2
2024-08-17 16:34:03,206 [WARN] PackLoader:240 - Cannot read IP mode file for STMicroelectronics.X-CUBE-TOF1.3.4.1
2024-08-17 16:34:03,243 [WARN] PackLoader:240 - Cannot read IP mode file for STMicroelectronics.X-CUBE-AZRTOS-H7.3.2.0
2024-08-17 16:34:03,258 [WARN] PackLoader:240 - Cannot read IP mode file for Infineon.AIROC-Wi-Fi-Bluetooth-STM32.1.6.0
2024-08-17 16:34:03,266 [WARN] PackLoader:240 - Cannot read IP mode file for wolfSSL.I-CUBE-wolfSSH.1.4.17
2024-08-17 16:34:03,267 [INFO] ThirdParty:978 - Integrity check success = true
2024-08-17 16:34:03,267 [INFO] IntegrityCheckThread:100 - exiting critical section [integrity check]
2024-08-17 16:34:03,269 [INFO] IntegrityCheckThread:103 - End integrity checks thread
2024-08-17 16:34:05,417 [INFO] WebApp:161 - Instantiating new browser for Auth
2024-08-17 16:34:06,162 [INFO] WebApp:779 - Register for checkConnection events
2024-08-17 16:34:06,162 [INFO] WebApp:414 - Apply proxy settings
2024-08-17 16:34:06,163 [INFO] WebApp:499 - Chromium requires no authentication
2024-08-17 16:34:06,172 [INFO] WebApp:442 - Direct internet connection detected
2024-08-17 16:34:06,429 [INFO] WebApp:192 - Starting web application
2024-08-17 16:34:06,429 [INFO] WebApp:544 - Web application path used C:\ST\STM32CubeIDE_1.15.1\STM32CubeIDE\plugins\com.st.stm32cube.common.mx_6.11.1.202404110753\db\plugins\mcufinder\reactClient1\index.html
2024-08-17 16:34:34,336 [ERROR] LogOutputStream:75 - [STDERR_REDIRECT] 
2024-08-17 16:34:34,337 [ERROR] LogOutputStream:75 - [STDERR_REDIRECT] 
