2024-08-18 11:03:06,245 [INFO] Activator:176 - 


2024-08-18 11:03:06,257 [INFO] Activator:177 - !SESSION log4j initialized
2024-08-18 11:03:11,947 [INFO] LogOutputStream:77 - [STDOUT_REDIRECT] 
2024-08-18 11:03:12,621 [ERROR] ConfigurationRetriever:142 - IOException on connection: PKIX path building failed: sun.security.provider.certpath.SunCertPathBuilderException: unable to find valid certification path to requested target
2024-08-18 11:03:12,653 [ERROR] ConfigurationRetriever:142 - IOException on connection: PKIX path building failed: sun.security.provider.certpath.SunCertPathBuilderException: unable to find valid certification path to requested target
2024-08-18 11:03:12,671 [ERROR] ConfigurationRetriever:142 - IOException on connection: PKIX path building failed: sun.security.provider.certpath.SunCertPathBuilderException: unable to find valid certification path to requested target
2024-08-18 11:03:14,774 [ERROR] ConfigurationRetriever:142 - IOException on connection: PKIX path building failed: sun.security.provider.certpath.SunCertPathBuilderException: unable to find valid certification path to requested target
2024-08-18 11:03:14,789 [ERROR] ConfigurationRetriever:142 - IOException on connection: PKIX path building failed: sun.security.provider.certpath.SunCertPathBuilderException: unable to find valid certification path to requested target
2024-08-18 11:03:14,806 [ERROR] ConfigurationRetriever:142 - IOException on connection: PKIX path building failed: sun.security.provider.certpath.SunCertPathBuilderException: unable to find valid certification path to requested target
2024-08-18 11:03:37,874 [ERROR] ConfigurationRetriever:142 - IOException on connection: PKIX path building failed: sun.security.provider.certpath.SunCertPathBuilderException: unable to find valid certification path to requested target
2024-08-18 11:03:37,889 [ERROR] ConfigurationRetriever:142 - IOException on connection: PKIX path building failed: sun.security.provider.certpath.SunCertPathBuilderException: unable to find valid certification path to requested target
2024-08-18 11:03:37,904 [ERROR] ConfigurationRetriever:142 - IOException on connection: PKIX path building failed: sun.security.provider.certpath.SunCertPathBuilderException: unable to find valid certification path to requested target
2024-08-18 11:03:37,986 [INFO] ApplicationProperties:184 - Using Application install path: C:\ST\STM32CubeIDE_1.15.1\STM32CubeIDE\plugins\com.st.stm32cube.common.mx_6.11.1.202404110753
2024-08-18 11:03:38,058 [INFO] DbMcusXml:78 - Set database path to: C:\ST\STM32CubeIDE_1.15.1\STM32CubeIDE\plugins\com.st.stm32cube.common.mx_6.11.1.202404110753\\db\/mcu/
2024-08-18 11:03:38,059 [INFO] ApiDb:274 - Set plugin database path to: C:\ST\STM32CubeIDE_1.15.1\STM32CubeIDE\plugins\com.st.stm32cube.common.mx_6.11.1.202404110753\\db\/plugins/boardmanager/
2024-08-18 11:03:38,060 [WARN] ApiDb:259 - Overriding images path with different value:  => C:\ST\STM32CubeIDE_1.15.1\STM32CubeIDE\plugins\com.st.stm32cube.common.mx_6.11.1.202404110753\\db\/plugins/mcufinder/images/
2024-08-18 11:03:38,106 [INFO] ApiDb:250 - Set database path to: C:\Users\NinaadKotasthane\.stmcufinder\plugins\mcufinder//mcu/
2024-08-18 11:03:38,111 [INFO] DbMcusAds:125 - Set database path to: C:\Users\NinaadKotasthane\.stmcufinder\plugins\mcufinder//mcu/
2024-08-18 11:03:38,124 [INFO] CrossReferenceDbSqlite:203 - Set database path to: C:\Users\NinaadKotasthane\.stmcufinder\plugins\mcufinder//mcu/cs/
2024-08-18 11:03:38,420 [INFO] RulesReader:64 - Compatibility file has been processed (297 Rules)
2024-08-18 11:03:38,674 [INFO] DbMcusXml:78 - Set database path to: C:\ST\STM32CubeIDE_1.15.1\STM32CubeIDE\plugins\com.st.stm32cube.common.mx_6.11.1.202404110753\\db\/mcu/
2024-08-18 11:03:38,675 [INFO] ApiDb:274 - Set plugin database path to: C:\ST\STM32CubeIDE_1.15.1\STM32CubeIDE\plugins\com.st.stm32cube.common.mx_6.11.1.202404110753\\db\/plugins/boardmanager/
2024-08-18 11:03:38,675 [INFO] ApiDb:261 - Set plugin images path to: C:\ST\STM32CubeIDE_1.15.1\STM32CubeIDE\plugins\com.st.stm32cube.common.mx_6.11.1.202404110753\\db\/plugins/mcufinder/images/
2024-08-18 11:03:38,675 [WARN] DbFile:41 - Overriding database path with different value: C:\Users\NinaadKotasthane\.stmcufinder\plugins\mcufinder/ => C:\Users\NinaadKotasthane\.stmcufinder\plugins\mcufinder
2024-08-18 11:03:38,675 [INFO] ApiDb:250 - Set database path to: C:\Users\NinaadKotasthane\.stmcufinder\plugins\mcufinder//mcu/
2024-08-18 11:03:38,675 [WARN] DbFile:41 - Overriding database path with different value: C:\Users\NinaadKotasthane\.stmcufinder\plugins\mcufinder/ => C:\Users\NinaadKotasthane\.stmcufinder\plugins\mcufinder
2024-08-18 11:03:38,676 [INFO] DbMcusAds:125 - Set database path to: C:\Users\NinaadKotasthane\.stmcufinder\plugins\mcufinder//mcu/
2024-08-18 11:03:38,676 [WARN] DbFile:41 - Overriding database path with different value: C:\Users\NinaadKotasthane\.stmcufinder\plugins\mcufinder/ => C:\Users\NinaadKotasthane\.stmcufinder\plugins\mcufinder
2024-08-18 11:03:38,676 [WARN] DbFile:41 - Overriding database path with different value: C:\Users\NinaadKotasthane\.stmcufinder\plugins\mcufinder/ => C:\Users\NinaadKotasthane\.stmcufinder\plugins\mcufinder
2024-08-18 11:03:38,676 [INFO] CrossReferenceDbSqlite:203 - Set database path to: C:\Users\NinaadKotasthane\.stmcufinder\plugins\mcufinder//mcu/cs/
2024-08-18 11:03:38,970 [INFO] MainPanel:264 - HeapMemory: 268435456
2024-08-18 11:03:39,298 [INFO] DbMcusXml:78 - Set database path to: C:\ST\STM32CubeIDE_1.15.1\STM32CubeIDE\plugins\com.st.stm32cube.common.mx_6.11.1.202404110753\\db\/mcu/
2024-08-18 11:03:39,298 [INFO] ApiDb:274 - Set plugin database path to: C:\ST\STM32CubeIDE_1.15.1\STM32CubeIDE\plugins\com.st.stm32cube.common.mx_6.11.1.202404110753\\db\/plugins/boardmanager/
2024-08-18 11:03:39,298 [INFO] ApiDb:261 - Set plugin images path to: C:\ST\STM32CubeIDE_1.15.1\STM32CubeIDE\plugins\com.st.stm32cube.common.mx_6.11.1.202404110753\\db\/plugins/mcufinder/images/
2024-08-18 11:03:39,300 [WARN] DbFile:41 - Overriding database path with different value: C:\Users\NinaadKotasthane\.stmcufinder\plugins\mcufinder/ => C:\Users\NinaadKotasthane\.stmcufinder\plugins\mcufinder
2024-08-18 11:03:39,300 [INFO] ApiDb:250 - Set database path to: C:\Users\NinaadKotasthane\.stmcufinder\plugins\mcufinder//mcu/
2024-08-18 11:03:39,300 [WARN] DbFile:41 - Overriding database path with different value: C:\Users\NinaadKotasthane\.stmcufinder\plugins\mcufinder/ => C:\Users\NinaadKotasthane\.stmcufinder\plugins\mcufinder
2024-08-18 11:03:39,301 [INFO] DbMcusAds:125 - Set database path to: C:\Users\NinaadKotasthane\.stmcufinder\plugins\mcufinder//mcu/
2024-08-18 11:03:39,301 [WARN] DbFile:41 - Overriding database path with different value: C:\Users\NinaadKotasthane\.stmcufinder\plugins\mcufinder/ => C:\Users\NinaadKotasthane\.stmcufinder\plugins\mcufinder
2024-08-18 11:03:39,301 [WARN] DbFile:41 - Overriding database path with different value: C:\Users\NinaadKotasthane\.stmcufinder\plugins\mcufinder/ => C:\Users\NinaadKotasthane\.stmcufinder\plugins\mcufinder
2024-08-18 11:03:39,301 [INFO] CrossReferenceDbSqlite:203 - Set database path to: C:\Users\NinaadKotasthane\.stmcufinder\plugins\mcufinder//mcu/cs/
2024-08-18 11:03:39,351 [INFO] ApplicationProperties:184 - Using Application install path: C:\ST\STM32CubeIDE_1.15.1\STM32CubeIDE\plugins\com.st.stm32cube.common.mx_6.11.1.202404110753
2024-08-18 11:03:39,355 [INFO] PluginManage:196 - Search for loadable plugins [exclusion list=, ]
2024-08-18 11:03:39,358 [INFO] PluginManage:310 - Check plugin analytics
2024-08-18 11:03:40,007 [INFO] AnalyticsPlugin:253 - Accepted Software Licenses: STM32CubeMX.6.11.1
2024-08-18 11:03:40,008 [INFO] AnalyticsPlugin:255 - Accepted CMSIS Pack Licenses: 
2024-08-18 11:03:40,008 [INFO] AnalyticsPlugin:257 - Accepted Firmware Licenses: FW.F4.1.28.0
2024-08-18 11:03:40,015 [INFO] PluginManage:359 - Loaded plugin analytics (category:tool,tabindex:-1)
2024-08-18 11:03:40,016 [INFO] PluginManage:310 - Check plugin cadmodel
2024-08-18 11:03:40,025 [ERROR] ConfigurationRetriever:142 - IOException on connection: PKIX path building failed: sun.security.provider.certpath.SunCertPathBuilderException: unable to find valid certification path to requested target
2024-08-18 11:03:40,037 [INFO] CADModel:105 - Init CAD model plugin
2024-08-18 11:03:40,038 [INFO] PluginManage:359 - Loaded plugin cadmodel (category:power,tabindex:5)
2024-08-18 11:03:40,038 [INFO] PluginManage:310 - Check plugin clock
2024-08-18 11:03:40,039 [ERROR] ConfigurationRetriever:142 - IOException on connection: PKIX path building failed: sun.security.provider.certpath.SunCertPathBuilderException: unable to find valid certification path to requested target
2024-08-18 11:03:40,051 [ERROR] ConfigurationRetriever:142 - IOException on connection: PKIX path building failed: sun.security.provider.certpath.SunCertPathBuilderException: unable to find valid certification path to requested target
2024-08-18 11:03:40,063 [INFO] PluginManage:359 - Loaded plugin clock (category:base,tabindex:2)
2024-08-18 11:03:40,064 [INFO] PluginManage:310 - Check plugin ddr
2024-08-18 11:03:40,070 [INFO] PluginManage:359 - Loaded plugin ddr (category:tool,tabindex:6)
2024-08-18 11:03:40,070 [INFO] PluginManage:310 - Check plugin filemanager
2024-08-18 11:03:40,407 [INFO] PluginManage:359 - Loaded plugin filemanager (category:base,tabindex:10)
2024-08-18 11:03:40,407 [INFO] PluginManage:310 - Check plugin ipmanager
2024-08-18 11:03:40,423 [INFO] PluginManage:359 - Loaded plugin ipmanager (category:base,tabindex:5)
2024-08-18 11:03:40,423 [INFO] PluginManage:310 - Check plugin lpbam
2024-08-18 11:03:40,447 [INFO] PluginManage:359 - Loaded plugin lpbam (category:base,tabindex:0)
2024-08-18 11:03:40,448 [INFO] PluginManage:310 - Check plugin memorymap
2024-08-18 11:03:40,485 [INFO] PluginManage:359 - Loaded plugin memorymap (category:base,tabindex:4)
2024-08-18 11:03:40,485 [INFO] PluginManage:310 - Check plugin pinoutandconfiguration
2024-08-18 11:03:40,505 [INFO] PluginManage:359 - Loaded plugin pinoutandconfiguration (category:base,tabindex:1)
2024-08-18 11:03:40,506 [INFO] PluginManage:310 - Check plugin pinoutconfig
2024-08-18 11:03:40,737 [WARN] SupportedApi:132 - Cannot load RTOS API schema: s4s-elt-must-match.1: The content of 'definitions' must match (annotation?, (simpleType | complexType)?, (unique | key | keyref)*)). A problem was found starting at: attribute.
2024-08-18 11:03:41,240 [INFO] PluginManage:359 - Loaded plugin pinoutconfig (category:base,tabindex:0)
2024-08-18 11:03:41,240 [INFO] PluginManage:310 - Check plugin power
2024-08-18 11:03:41,291 [INFO] PluginManage:359 - Loaded plugin power (category:power,tabindex:4)
2024-08-18 11:03:41,292 [INFO] PluginManage:310 - Check plugin projectmanager
2024-08-18 11:03:41,349 [INFO] PluginManage:359 - Loaded plugin projectmanager (category:projectmanager,tabindex:3)
2024-08-18 11:03:41,349 [INFO] PluginManage:310 - Check plugin thirdparty
2024-08-18 11:03:41,746 [INFO] PluginManage:359 - Loaded plugin thirdparty (category:base,tabindex:-1)
2024-08-18 11:03:41,746 [WARN] IntegrityCheckThread:84 - waiting for thirdparty lock release [integrity check]
2024-08-18 11:03:41,747 [INFO] PluginManage:310 - Check plugin tools
2024-08-18 11:03:41,747 [INFO] IntegrityCheckThread:86 - entering critical section [integrity check]
2024-08-18 11:03:41,748 [INFO] ThirdPartyUpdaterWithRetryManager:70 - Updater plugin not ready yet. [1/15]
2024-08-18 11:03:41,755 [INFO] PluginManage:359 - Loaded plugin tools (category:base,tabindex:7)
2024-08-18 11:03:41,756 [INFO] PluginManage:310 - Check plugin tutovideos
2024-08-18 11:03:42,294 [INFO] PluginManage:359 - Loaded plugin tutovideos (category:base,tabindex:-1)
2024-08-18 11:03:42,295 [INFO] PluginManage:310 - Check plugin updater
2024-08-18 11:03:42,319 [INFO] PluginManage:359 - Loaded plugin updater (category:base,tabindex:12)
2024-08-18 11:03:42,319 [INFO] PluginManage:310 - Check plugin userauth
2024-08-18 11:03:42,334 [INFO] UserAuth:114 - Init User Auth plugin
2024-08-18 11:03:42,335 [INFO] PluginManage:359 - Loaded plugin userauth (category:base,tabindex:14)
2024-08-18 11:03:42,336 [INFO] PluginManage:283 - PluginManage : Loaded plugins [17]
2024-08-18 11:03:42,906 [INFO] PinOutPanel:1561 - setPackage(No Configuration,No Configuration)
2024-08-18 11:03:43,158 [INFO] CADModel:165 - CPN selected for project level
2024-08-18 11:03:43,161 [INFO] CADModel:114 - Register for checkConnection events
2024-08-18 11:03:43,210 [INFO] IPUIPlugin:80 - create IPUIPlugin
2024-08-18 11:03:43,211 [INFO] PluginManager:220 - loadIPPluginJar : add adc
2024-08-18 11:03:43,219 [INFO] IPUIPlugin:80 - create IPUIPlugin
2024-08-18 11:03:43,219 [INFO] PluginManager:220 - loadIPPluginJar : add aes
2024-08-18 11:03:43,229 [INFO] IPUIPlugin:80 - create IPUIPlugin
2024-08-18 11:03:43,230 [INFO] PluginManager:220 - loadIPPluginJar : add can
2024-08-18 11:03:43,234 [INFO] IPUIPlugin:80 - create IPUIPlugin
2024-08-18 11:03:43,235 [INFO] PluginManager:220 - loadIPPluginJar : add comp
2024-08-18 11:03:43,241 [INFO] IPUIPlugin:80 - create IPUIPlugin
2024-08-18 11:03:43,242 [INFO] PluginManager:220 - loadIPPluginJar : add cryp
2024-08-18 11:03:43,251 [INFO] IPUIPlugin:80 - create IPUIPlugin
2024-08-18 11:03:43,252 [INFO] PluginManager:220 - loadIPPluginJar : add dfsdm
2024-08-18 11:03:43,271 [INFO] IPUIPlugin:80 - create IPUIPlugin
2024-08-18 11:03:43,272 [INFO] PluginManager:220 - loadIPPluginJar : add dma
2024-08-18 11:03:43,279 [INFO] IPUIPlugin:80 - create IPUIPlugin
2024-08-18 11:03:43,279 [INFO] PluginManager:220 - loadIPPluginJar : add dma3
2024-08-18 11:03:43,288 [INFO] IPUIPlugin:80 - create IPUIPlugin
2024-08-18 11:03:43,289 [INFO] PluginManager:220 - loadIPPluginJar : add extmemmanager
2024-08-18 11:03:43,295 [INFO] IPUIPlugin:80 - create IPUIPlugin
2024-08-18 11:03:43,296 [INFO] PluginManager:220 - loadIPPluginJar : add fatfs
2024-08-18 11:03:43,310 [INFO] IPUIPlugin:80 - create IPUIPlugin
2024-08-18 11:03:43,311 [INFO] PluginManager:220 - loadIPPluginJar : add fmc
2024-08-18 11:03:43,323 [INFO] IPUIPlugin:80 - create IPUIPlugin
2024-08-18 11:03:43,323 [INFO] PluginManager:220 - loadIPPluginJar : add freertos
2024-08-18 11:03:43,327 [INFO] IPUIPlugin:80 - create IPUIPlugin
2024-08-18 11:03:43,327 [INFO] PluginManager:220 - loadIPPluginJar : add genericplugin
2024-08-18 11:03:43,333 [INFO] IPUIPlugin:80 - create IPUIPlugin
2024-08-18 11:03:43,334 [INFO] PluginManager:220 - loadIPPluginJar : add gfxmmu
2024-08-18 11:03:43,354 [INFO] IPUIPlugin:80 - create IPUIPlugin
2024-08-18 11:03:43,355 [INFO] PluginManager:220 - loadIPPluginJar : add gic
2024-08-18 11:03:43,372 [INFO] IPUIPlugin:80 - create IPUIPlugin
2024-08-18 11:03:43,373 [INFO] PluginManager:220 - loadIPPluginJar : add gpio
2024-08-18 11:03:43,382 [INFO] IPUIPlugin:80 - create IPUIPlugin
2024-08-18 11:03:43,382 [INFO] PluginManager:220 - loadIPPluginJar : add gtzc
2024-08-18 11:03:43,389 [INFO] IPUIPlugin:80 - create IPUIPlugin
2024-08-18 11:03:43,390 [INFO] PluginManager:220 - loadIPPluginJar : add hash
2024-08-18 11:03:43,398 [INFO] IPUIPlugin:80 - create IPUIPlugin
2024-08-18 11:03:43,398 [INFO] PluginManager:220 - loadIPPluginJar : add i2c
2024-08-18 11:03:43,405 [INFO] IPUIPlugin:80 - create IPUIPlugin
2024-08-18 11:03:43,406 [INFO] PluginManager:220 - loadIPPluginJar : add i2s
2024-08-18 11:03:43,417 [INFO] IPUIPlugin:80 - create IPUIPlugin
2024-08-18 11:03:43,418 [INFO] PluginManager:220 - loadIPPluginJar : add i3c
2024-08-18 11:03:43,425 [INFO] IPUIPlugin:80 - create IPUIPlugin
2024-08-18 11:03:43,425 [INFO] PluginManager:220 - loadIPPluginJar : add ipddr
2024-08-18 11:03:43,440 [INFO] IPUIPlugin:80 - create IPUIPlugin
2024-08-18 11:03:43,441 [INFO] PluginManager:220 - loadIPPluginJar : add linkedlist
2024-08-18 11:03:43,449 [INFO] IPUIPlugin:80 - create IPUIPlugin
2024-08-18 11:03:43,449 [INFO] PluginManager:220 - loadIPPluginJar : add lorawan
2024-08-18 11:03:43,453 [INFO] IPUIPlugin:80 - create IPUIPlugin
2024-08-18 11:03:43,454 [INFO] PluginManager:220 - loadIPPluginJar : add ltdc
2024-08-18 11:03:43,471 [INFO] IPUIPlugin:80 - create IPUIPlugin
2024-08-18 11:03:43,472 [INFO] PluginManager:220 - loadIPPluginJar : add mdma
2024-08-18 11:03:43,480 [INFO] IPUIPlugin:80 - create IPUIPlugin
2024-08-18 11:03:43,481 [INFO] PluginManager:220 - loadIPPluginJar : add nvic
2024-08-18 11:03:43,488 [INFO] IPUIPlugin:80 - create IPUIPlugin
2024-08-18 11:03:43,488 [INFO] PluginManager:220 - loadIPPluginJar : add opamp
2024-08-18 11:03:43,495 [INFO] IPUIPlugin:80 - create IPUIPlugin
2024-08-18 11:03:43,495 [INFO] PluginManager:220 - loadIPPluginJar : add openamp
2024-08-18 11:03:43,502 [INFO] IPUIPlugin:80 - create IPUIPlugin
2024-08-18 11:03:43,502 [INFO] PluginManager:220 - loadIPPluginJar : add pdm2pcm
2024-08-18 11:03:43,513 [INFO] IPUIPlugin:80 - create IPUIPlugin
2024-08-18 11:03:43,517 [INFO] PluginManager:220 - loadIPPluginJar : add plateformsettings
2024-08-18 11:03:43,520 [INFO] IPUIPlugin:80 - create IPUIPlugin
2024-08-18 11:03:43,520 [INFO] PluginManager:220 - loadIPPluginJar : add quadspi
2024-08-18 11:03:43,528 [INFO] IPUIPlugin:80 - create IPUIPlugin
2024-08-18 11:03:43,528 [INFO] PluginManager:220 - loadIPPluginJar : add resmgrutility
2024-08-18 11:03:43,534 [INFO] IPUIPlugin:80 - create IPUIPlugin
2024-08-18 11:03:43,534 [INFO] PluginManager:220 - loadIPPluginJar : add sai
2024-08-18 11:03:43,539 [INFO] IPUIPlugin:80 - create IPUIPlugin
2024-08-18 11:03:43,540 [INFO] PluginManager:220 - loadIPPluginJar : add spi
2024-08-18 11:03:43,554 [INFO] IPUIPlugin:80 - create IPUIPlugin
2024-08-18 11:03:43,555 [INFO] PluginManager:220 - loadIPPluginJar : add stm32_wpan
2024-08-18 11:03:43,558 [INFO] IPUIPlugin:80 - create IPUIPlugin
2024-08-18 11:03:43,558 [INFO] PluginManager:220 - loadIPPluginJar : add tim
2024-08-18 11:03:43,567 [INFO] IPUIPlugin:80 - create IPUIPlugin
2024-08-18 11:03:43,568 [INFO] PluginManager:220 - loadIPPluginJar : add touchsensing
2024-08-18 11:03:43,572 [INFO] IPUIPlugin:80 - create IPUIPlugin
2024-08-18 11:03:43,572 [INFO] PluginManager:220 - loadIPPluginJar : add tracer_emb
2024-08-18 11:03:43,579 [INFO] IPUIPlugin:80 - create IPUIPlugin
2024-08-18 11:03:43,580 [INFO] PluginManager:220 - loadIPPluginJar : add ts
2024-08-18 11:03:43,583 [INFO] IPUIPlugin:80 - create IPUIPlugin
2024-08-18 11:03:43,584 [INFO] PluginManager:220 - loadIPPluginJar : add tsc
2024-08-18 11:03:43,595 [INFO] IPUIPlugin:80 - create IPUIPlugin
2024-08-18 11:03:43,595 [INFO] PluginManager:220 - loadIPPluginJar : add ucpd
2024-08-18 11:03:43,601 [INFO] IPUIPlugin:80 - create IPUIPlugin
2024-08-18 11:03:43,602 [INFO] PluginManager:220 - loadIPPluginJar : add usart
2024-08-18 11:03:43,607 [INFO] IPUIPlugin:80 - create IPUIPlugin
2024-08-18 11:03:43,607 [INFO] PluginManager:220 - loadIPPluginJar : add usbx
2024-08-18 11:03:43,787 [INFO] CADModel:165 - CPN selected for project level
2024-08-18 11:03:43,787 [INFO] CADModel:114 - Register for checkConnection events
2024-08-18 11:03:43,788 [FATAL] Updater:308 - Updater called before beeing initialized
2024-08-18 11:03:43,788 [ERROR] CADModel:125 - Updater not yet initialized, retry later 
2024-08-18 11:03:44,140 [INFO] CADModel:165 - CPN selected for project level
2024-08-18 11:03:44,140 [INFO] CADModel:114 - Register for checkConnection events
2024-08-18 11:03:44,140 [FATAL] Updater:308 - Updater called before beeing initialized
2024-08-18 11:03:44,140 [ERROR] CADModel:125 - Updater not yet initialized, retry later 
2024-08-18 11:03:44,149 [FATAL] Updater:308 - Updater called before beeing initialized
2024-08-18 11:03:44,357 [FATAL] Updater:308 - Updater called before beeing initialized
2024-08-18 11:03:44,367 [INFO] DbMcusAds:53 - JSON generation date=Thu May 16 14:52:00 IST 2024 (1715851320667)
2024-08-18 11:03:44,367 [FATAL] Updater:308 - Updater called before beeing initialized
2024-08-18 11:03:44,443 [WARN] DetailPanel:346 - Failed to get advertising image, set to default
2024-08-18 11:03:44,736 [FATAL] Updater:308 - Updater called before beeing initialized
2024-08-18 11:03:44,743 [FATAL] Updater:308 - Updater called before beeing initialized
2024-08-18 11:03:44,744 [FATAL] Updater:308 - Updater called before beeing initialized
2024-08-18 11:03:44,744 [WARN] DetailPanel:346 - Failed to get advertising image, set to default
2024-08-18 11:03:44,748 [FATAL] Updater:308 - Updater called before beeing initialized
2024-08-18 11:03:44,749 [INFO] ThirdPartyUpdaterWithRetryManager:70 - Updater plugin not ready yet. [2/15]
2024-08-18 11:03:44,869 [ERROR] Updater:1120 - MainUpdater not yet initialized. External WinMGr cannot be set.
2024-08-18 11:03:44,875 [INFO] Updater:1056 - Updater Version found : 6.11.1
2024-08-18 11:03:44,924 [INFO] ApplicationProperties:184 - Using Application install path: C:\ST\STM32CubeIDE_1.15.1\STM32CubeIDE\plugins\com.st.stm32cube.common.mx_6.11.1.202404110753
2024-08-18 11:03:46,526 [ERROR] LogOutputStream:75 - [STDERR_REDIRECT] Aug 18, 2024 11:03:46 AM java.util.prefs.WindowsPreferences <init>
2024-08-18 11:03:46,528 [ERROR] LogOutputStream:75 - [STDERR_REDIRECT] WARNING: Could not open/create prefs root node Software\JavaSoft\Prefs at root 0xffffffff80000002. Windows RegCreateKeyEx(...) returned error code 5.
2024-08-18 11:03:46,528 [ERROR] LogOutputStream:75 - [STDERR_REDIRECT] 
2024-08-18 11:03:47,063 [INFO] MainUpdater:2873 - connection check result : 22
2024-08-18 11:03:47,064 [INFO] MainUpdater:290 - Updater Check For Update Now.
2024-08-18 11:03:47,065 [INFO] MicroXplorer:498 - Change Database Version : DB.6.0.111
2024-08-18 11:03:47,076 [INFO] McuFinderGlobals:63 - Set McuFinder mode to 2 (CubeIDE integrated)
2024-08-18 11:03:47,076 [INFO] UserAuth:179 - activating auth plugin
2024-08-18 11:03:47,082 [INFO] UserAuth:415 - Internet connection configuration mode: 2
2024-08-18 11:03:47,116 [INFO] UserAuth:415 - Internet connection configuration mode: 2
2024-08-18 11:03:47,356 [INFO] CheckServerUpdateThread:120 - End of CheckServer Thread
2024-08-18 11:03:48,028 [WARN] PackLoader:240 - Cannot read IP mode file for STMicroelectronics.FP-SNS-MOTENVWB1.1.4.0
2024-08-18 11:03:48,047 [WARN] PackLoader:240 - Cannot read IP mode file for STMicroelectronics.X-CUBE-SMBUS.2.1.0
2024-08-18 11:03:48,056 [WARN] PackLoader:240 - Cannot read IP mode file for STMicroelectronics.X-CUBE-TOUCHGFX.4.23.2
2024-08-18 11:03:48,102 [WARN] PackLoader:240 - Cannot read IP mode file for STMicroelectronics.X-CUBE-AZRTOS-F7.1.1.0
2024-08-18 11:03:48,117 [WARN] PackLoader:240 - Cannot read IP mode file for STMicroelectronics.FP-SNS-FLIGHT1.5.0.2
2024-08-18 11:03:48,131 [WARN] PackLoader:240 - Cannot read IP mode file for STMicroelectronics.X-CUBE-DISPLAY.3.0.0
2024-08-18 11:03:48,154 [WARN] PackLoader:240 - Cannot read IP mode file for STMicroelectronics.X-CUBE-BLE1.7.0.0
2024-08-18 11:03:48,165 [WARN] PackLoader:240 - Cannot read IP mode file for emotas.I-CUBE-CANOPEN.1.3.0
2024-08-18 11:03:48,183 [WARN] PackLoader:240 - Cannot read IP mode file for STMicroelectronics.X-CUBE-BLEMGR.3.1.0
2024-08-18 11:03:48,195 [WARN] PackLoader:240 - Cannot read IP mode file for STMicroelectronics.FP-SNS-SMARTAG2.1.2.0
2024-08-18 11:03:48,217 [INFO] LogOutputStream:77 - [STDOUT_REDIRECT] 1 : Invalid condition id : UX_CORESTACK_Condition cause : null
2024-08-18 11:03:48,219 [INFO] LogOutputStream:77 - [STDOUT_REDIRECT] 1 : Invalid condition id : UX_CORESTACK_Condition cause : null
2024-08-18 11:03:48,220 [INFO] LogOutputStream:77 - [STDOUT_REDIRECT] 1 : Invalid condition id : UX_CORESTACK_Condition cause : null
2024-08-18 11:03:48,223 [INFO] LogOutputStream:77 - [STDOUT_REDIRECT] 1 : Invalid condition id : UX_CORESTACK_Condition cause : null
2024-08-18 11:03:48,225 [INFO] LogOutputStream:77 - [STDOUT_REDIRECT] 1 : Invalid condition id : UX_CORESTACK_Condition cause : null
2024-08-18 11:03:48,232 [WARN] PackLoader:240 - Cannot read IP mode file for STMicroelectronics.X-CUBE-AZRTOS-WL.2.0.0
2024-08-18 11:03:48,242 [WARN] PackLoader:240 - Cannot read IP mode file for STMicroelectronics.FP-SNS-MOTENV1.5.0.0
2024-08-18 11:03:48,251 [WARN] PackLoader:240 - Cannot read IP mode file for wolfSSL.I-CUBE-wolfMQTT.1.19.0
2024-08-18 11:03:48,263 [WARN] PackLoader:240 - Cannot read IP mode file for WES.I-CUBE-Cesium.1.3.0
2024-08-18 11:03:48,280 [WARN] PackLoader:240 - Cannot read IP mode file for STMicroelectronics.X-CUBE-BLE2.3.3.0
2024-08-18 11:03:48,291 [WARN] PackLoader:240 - Cannot read IP mode file for STMicroelectronics.X-CUBE-TCPP.4.1.0
2024-08-18 11:03:48,326 [WARN] PackLoader:240 - Cannot read IP mode file for STMicroelectronics.X-CUBE-AZRTOS-G0.1.1.0
2024-08-18 11:03:48,341 [WARN] PackLoader:240 - Cannot read IP mode file for STMicroelectronics.X-CUBE-SAFEA1.1.2.2
2024-08-18 11:03:48,351 [WARN] PackLoader:240 - Cannot read IP mode file for STMicroelectronics.X-CUBE-NFC4.3.0.0
2024-08-18 11:03:48,368 [WARN] PackLoader:240 - Cannot read IP mode file for EmbeddedOffice.I-CUBE-FS-RTOS.1.0.1
2024-08-18 11:03:48,369 [ERROR] ConditionMgr:805 - Attr not supported : Dmpu
2024-08-18 11:03:48,369 [ERROR] ConditionMgr:805 - Attr not supported : Dmpu
2024-08-18 11:03:48,369 [ERROR] ConditionMgr:805 - Attr not supported : Dmpu
2024-08-18 11:03:48,369 [ERROR] ConditionMgr:805 - Attr not supported : Dmpu
2024-08-18 11:03:48,369 [ERROR] ConditionMgr:805 - Attr not supported : Dmpu
2024-08-18 11:03:48,369 [ERROR] ConditionMgr:805 - Attr not supported : Dmpu
2024-08-18 11:03:48,369 [ERROR] ConditionMgr:805 - Attr not supported : Dmpu
2024-08-18 11:03:48,369 [ERROR] ConditionMgr:805 - Attr not supported : Dmpu
2024-08-18 11:03:48,370 [ERROR] ConditionMgr:805 - Attr not supported : Dmpu
2024-08-18 11:03:48,370 [ERROR] ConditionMgr:805 - Attr not supported : Dmpu
2024-08-18 11:03:48,370 [ERROR] ConditionMgr:805 - Attr not supported : Dmpu
2024-08-18 11:03:48,370 [ERROR] ConditionMgr:805 - Attr not supported : Dmpu
2024-08-18 11:03:48,370 [ERROR] ConditionMgr:805 - Attr not supported : Dmpu
2024-08-18 11:03:48,370 [ERROR] ConditionMgr:805 - Attr not supported : Dmpu
2024-08-18 11:03:48,370 [ERROR] ConditionMgr:805 - Attr not supported : Dmpu
2024-08-18 11:03:48,370 [ERROR] ConditionMgr:805 - Attr not supported : Dmpu
2024-08-18 11:03:48,370 [ERROR] ConditionMgr:805 - Attr not supported : Dmpu
2024-08-18 11:03:48,370 [ERROR] ConditionMgr:805 - Attr not supported : Dmpu
2024-08-18 11:03:48,371 [ERROR] ConditionMgr:805 - Attr not supported : Dmpu
2024-08-18 11:03:48,371 [ERROR] ConditionMgr:805 - Attr not supported : Dmpu
2024-08-18 11:03:48,371 [ERROR] ConditionMgr:805 - Attr not supported : Dmpu
2024-08-18 11:03:48,371 [ERROR] ConditionMgr:805 - Attr not supported : Dmpu
2024-08-18 11:03:48,371 [ERROR] ConditionMgr:805 - Attr not supported : Dmpu
2024-08-18 11:03:48,371 [ERROR] ConditionMgr:805 - Attr not supported : Dmpu
2024-08-18 11:03:48,371 [ERROR] ConditionMgr:805 - Attr not supported : Dmpu
2024-08-18 11:03:48,372 [ERROR] ConditionMgr:805 - Attr not supported : Dmpu
2024-08-18 11:03:48,372 [ERROR] ConditionMgr:805 - Attr not supported : Dmpu
2024-08-18 11:03:48,372 [ERROR] ConditionMgr:805 - Attr not supported : Dmpu
2024-08-18 11:03:48,372 [ERROR] ConditionMgr:805 - Attr not supported : Dmpu
2024-08-18 11:03:48,372 [ERROR] ConditionMgr:805 - Attr not supported : Dmpu
2024-08-18 11:03:48,372 [ERROR] ConditionMgr:805 - Attr not supported : Dmpu
2024-08-18 11:03:48,372 [ERROR] ConditionMgr:805 - Attr not supported : Dmpu
2024-08-18 11:03:48,372 [ERROR] ConditionMgr:805 - Attr not supported : Dmpu
2024-08-18 11:03:48,372 [ERROR] ConditionMgr:805 - Attr not supported : Dmpu
2024-08-18 11:03:48,372 [ERROR] ConditionMgr:805 - Attr not supported : Dmpu
2024-08-18 11:03:48,373 [ERROR] ConditionMgr:805 - Attr not supported : Dmpu
2024-08-18 11:03:48,373 [ERROR] ConditionMgr:805 - Attr not supported : Dmpu
2024-08-18 11:03:48,373 [ERROR] ConditionMgr:805 - Attr not supported : Dmpu
2024-08-18 11:03:48,373 [ERROR] ConditionMgr:805 - Attr not supported : Dmpu
2024-08-18 11:03:48,373 [ERROR] ConditionMgr:805 - Attr not supported : Dmpu
2024-08-18 11:03:48,373 [ERROR] ConditionMgr:805 - Attr not supported : Dmpu
2024-08-18 11:03:48,374 [ERROR] ConditionMgr:805 - Attr not supported : Dmpu
2024-08-18 11:03:48,374 [ERROR] ConditionMgr:805 - Attr not supported : Dmpu
2024-08-18 11:03:48,374 [ERROR] ConditionMgr:805 - Attr not supported : Dmpu
2024-08-18 11:03:48,374 [ERROR] ConditionMgr:805 - Attr not supported : Dmpu
2024-08-18 11:03:48,374 [ERROR] ConditionMgr:805 - Attr not supported : Dmpu
2024-08-18 11:03:48,374 [ERROR] ConditionMgr:805 - Attr not supported : Dmpu
2024-08-18 11:03:48,374 [ERROR] ConditionMgr:805 - Attr not supported : Dmpu
2024-08-18 11:03:48,374 [ERROR] ConditionMgr:805 - Attr not supported : Dmpu
2024-08-18 11:03:48,374 [ERROR] ConditionMgr:805 - Attr not supported : Dmpu
2024-08-18 11:03:48,375 [ERROR] ConditionMgr:805 - Attr not supported : Dmpu
2024-08-18 11:03:48,375 [ERROR] ConditionMgr:805 - Attr not supported : Dmpu
2024-08-18 11:03:48,375 [ERROR] ConditionMgr:805 - Attr not supported : Dmpu
2024-08-18 11:03:48,375 [ERROR] ConditionMgr:805 - Attr not supported : Dmpu
2024-08-18 11:03:48,375 [ERROR] ConditionMgr:805 - Attr not supported : Dmpu
2024-08-18 11:03:48,375 [ERROR] ConditionMgr:805 - Attr not supported : Dmpu
2024-08-18 11:03:48,375 [ERROR] ConditionMgr:805 - Attr not supported : Dmpu
2024-08-18 11:03:48,376 [ERROR] ConditionMgr:805 - Attr not supported : Dmpu
2024-08-18 11:03:48,376 [ERROR] ConditionMgr:805 - Attr not supported : Dmpu
2024-08-18 11:03:48,376 [ERROR] ConditionMgr:805 - Attr not supported : Dmpu
2024-08-18 11:03:48,376 [ERROR] ConditionMgr:805 - Attr not supported : Dmpu
2024-08-18 11:03:48,376 [ERROR] ConditionMgr:805 - Attr not supported : Dmpu
2024-08-18 11:03:48,376 [ERROR] ConditionMgr:805 - Attr not supported : Dmpu
2024-08-18 11:03:48,377 [ERROR] ConditionMgr:805 - Attr not supported : Dmpu
2024-08-18 11:03:48,387 [WARN] PackLoader:240 - Cannot read IP mode file for RealThread.X-CUBE-RT-Thread_Nano.4.1.1
2024-08-18 11:03:48,396 [WARN] PackLoader:240 - Cannot read IP mode file for wolfSSL.I-CUBE-wolfSSL.5.7.0
2024-08-18 11:03:48,402 [WARN] PackLoader:240 - Cannot read IP mode file for STMicroelectronics.FP-ATR-SIGFOX1.3.2.0
2024-08-18 11:03:48,411 [WARN] PackLoader:240 - Cannot read IP mode file for STMicroelectronics.X-CUBE-EEPRMA1.5.1.0
2024-08-18 11:03:48,423 [WARN] PackLoader:240 - Cannot read IP mode file for ITTIA_DB.I-CUBE-ITTIADB.8.9.0
2024-08-18 11:03:48,468 [WARN] PackLoader:240 - Cannot read IP mode file for SEGGER.I-CUBE-embOS.1.3.1
2024-08-18 11:03:48,542 [WARN] PackLoader:240 - Cannot read IP mode file for STMicroelectronics.X-CUBE-ALGOBUILD.1.4.0
2024-08-18 11:03:48,552 [WARN] PackLoader:240 - Cannot read IP mode file for STMicroelectronics.X-CUBE-GNSS1.6.0.0
2024-08-18 11:03:48,591 [WARN] PackLoader:240 - Cannot read IP mode file for STMicroelectronics.X-CUBE-AZRTOS-F4.1.1.0
2024-08-18 11:03:48,604 [WARN] PackLoader:240 - Cannot read IP mode file for STMicroelectronics.X-CUBE-FREERTOS.1.2.0
2024-08-18 11:03:48,634 [WARN] PackLoader:240 - Cannot read IP mode file for STMicroelectronics.X-CUBE-AZRTOS-L5.2.0.0
2024-08-18 11:03:48,649 [WARN] PackLoader:240 - Cannot read IP mode file for STMicroelectronics.X-CUBE-NFC6.3.1.0
2024-08-18 11:03:48,708 [WARN] PackLoader:240 - Cannot read IP mode file for STMicroelectronics.X-CUBE-DPower.1.2.0
2024-08-18 11:03:48,743 [WARN] PackLoader:240 - Cannot read IP mode file for STMicroelectronics.X-CUBE-AI.9.0.0
2024-08-18 11:03:48,755 [WARN] PackLoader:240 - Cannot read IP mode file for STMicroelectronics.X-CUBE-NFC7.1.0.1
2024-08-18 11:03:48,768 [WARN] PackLoader:240 - Cannot read IP mode file for wolfSSL.I-CUBE-wolfTPM.3.2.0
2024-08-18 11:03:48,806 [WARN] ConditionMgr:438 - getConditionDescription Invalid condition id : LAN8742 Phy interface Condition cause : null
2024-08-18 11:03:48,807 [WARN] PackLoader:240 - Cannot read IP mode file for STMicroelectronics.X-CUBE-AZRTOS-L4.2.0.0
2024-08-18 11:03:48,810 [WARN] ConditionMgr:1039 - genDependencies : Invalid condition id : LAN8742 Phy interface Condition cause : null
2024-08-18 11:03:48,811 [WARN] ConditionMgr:1039 - genDependencies : Invalid condition id : LAN8742 Phy interface Condition cause : null
2024-08-18 11:03:48,812 [WARN] ConditionMgr:1039 - genDependencies : Invalid condition id : LAN8742 Phy interface Condition cause : null
2024-08-18 11:03:48,827 [WARN] PackLoader:240 - Cannot read IP mode file for STMicroelectronics.X-CUBE-SFXS2LP1.4.0.0
2024-08-18 11:03:48,870 [WARN] PackLoader:240 - Cannot read IP mode file for STMicroelectronics.X-CUBE-AZRTOS-H7.3.3.0
2024-08-18 11:03:48,898 [WARN] ConditionMgr:438 - getConditionDescription Invalid condition id : UX DEVICE CLASS RTOS Condition cause : null
2024-08-18 11:03:48,899 [WARN] ConditionMgr:438 - getConditionDescription Invalid condition id : UX DEVICE CLASS RTOS Condition cause : null
2024-08-18 11:03:48,904 [WARN] PackLoader:240 - Cannot read IP mode file for STMicroelectronics.X-CUBE-AZRTOS-WB.2.0.0
2024-08-18 11:03:48,905 [WARN] ConditionMgr:1039 - genDependencies : Invalid condition id : UX DEVICE CLASS RTOS Condition cause : null
2024-08-18 11:03:48,905 [WARN] ConditionMgr:1039 - genDependencies : Invalid condition id : UX DEVICE CLASS RTOS Condition cause : null
2024-08-18 11:03:48,906 [WARN] ConditionMgr:1039 - genDependencies : Invalid condition id : UX DEVICE CLASS RTOS Condition cause : null
2024-08-18 11:03:48,907 [WARN] ConditionMgr:1039 - genDependencies : Invalid condition id : UX DEVICE CLASS RTOS Condition cause : null
2024-08-18 11:03:48,907 [WARN] ConditionMgr:1039 - genDependencies : Invalid condition id : UX DEVICE CLASS RTOS Condition cause : null
2024-08-18 11:03:48,927 [WARN] PackLoader:240 - Cannot read IP mode file for STMicroelectronics.FP-SNS-STBOX1.2.0.0
2024-08-18 11:03:48,963 [WARN] PackLoader:240 - Cannot read IP mode file for STMicroelectronics.X-CUBE-SUBG2.5.0.0
2024-08-18 11:03:48,990 [WARN] PackLoader:240 - Cannot read IP mode file for Cesanta.I-CUBE-Mongoose.7.13.0
2024-08-18 11:03:49,022 [WARN] PackLoader:240 - Cannot read IP mode file for STMicroelectronics.X-CUBE-AZRTOS-G4.2.0.0
2024-08-18 11:03:49,036 [WARN] PackLoader:240 - Cannot read IP mode file for STMicroelectronics.X-CUBE-ISPU.2.0.0
2024-08-18 11:03:49,045 [WARN] PackLoader:240 - Cannot read IP mode file for STMicroelectronics.X-CUBE-ALS.1.0.2
2024-08-18 11:03:49,159 [WARN] PackLoader:240 - Cannot read IP mode file for STMicroelectronics.X-CUBE-MEMS1.10.0.0
2024-08-18 11:03:49,541 [WARN] PackLoader:240 - Cannot read IP mode file for STMicroelectronics.X-CUBE-TOUCHGFX.4.24.0
2024-08-18 11:03:49,550 [WARN] PackLoader:240 - Cannot read IP mode file for portGmbH.I-Cube-SoM-uGOAL.1.1.0
2024-08-18 11:03:49,574 [WARN] PackLoader:240 - Cannot read IP mode file for STMicroelectronics.X-CUBE-AZRTOS-H7RS.1.0.0
2024-08-18 11:03:49,585 [WARN] PackLoader:240 - Cannot read IP mode file for STMicroelectronics.FP-ATR-ASTRA1.2.0.0
2024-08-18 11:03:49,600 [WARN] PackLoader:240 - Cannot read IP mode file for STMicroelectronics.X-CUBE-TOF1.3.4.2
2024-08-18 11:03:49,629 [WARN] PackLoader:240 - Cannot read IP mode file for STMicroelectronics.X-CUBE-TOF1.3.4.1
2024-08-18 11:03:49,671 [WARN] PackLoader:240 - Cannot read IP mode file for STMicroelectronics.X-CUBE-AZRTOS-H7.3.2.0
2024-08-18 11:03:49,695 [WARN] PackLoader:240 - Cannot read IP mode file for Infineon.AIROC-Wi-Fi-Bluetooth-STM32.1.6.0
2024-08-18 11:03:49,707 [WARN] PackLoader:240 - Cannot read IP mode file for wolfSSL.I-CUBE-wolfSSH.1.4.17
2024-08-18 11:03:49,709 [INFO] ThirdParty:978 - Integrity check success = true
2024-08-18 11:03:49,709 [INFO] IntegrityCheckThread:100 - exiting critical section [integrity check]
2024-08-18 11:03:49,709 [INFO] IntegrityCheckThread:103 - End integrity checks thread
2024-08-18 11:04:24,497 [ERROR] ConfigurationRetriever:142 - IOException on connection: PKIX path building failed: sun.security.provider.certpath.SunCertPathBuilderException: unable to find valid certification path to requested target
2024-08-18 11:04:24,516 [ERROR] ConfigurationRetriever:142 - IOException on connection: PKIX path building failed: sun.security.provider.certpath.SunCertPathBuilderException: unable to find valid certification path to requested target
2024-08-18 11:04:24,527 [ERROR] ConfigurationRetriever:142 - IOException on connection: PKIX path building failed: sun.security.provider.certpath.SunCertPathBuilderException: unable to find valid certification path to requested target
